D:\Program Files (x86)\Microsoft Visual Studio\2019\Community\MSBuild\Microsoft\VC\v150\Platforms\Win32\PlatformToolsets\v141_xp\Toolset.targets(39,5): warning MSB8051: 面向 Windows XP 的支持已被弃用，将来的 Visual Studio 版本不再提供该支持。请访问 https://go.microsoft.com/fwlink/?linkid=2023588，获取详细信息。
  用于 x86 的 Microsoft (R) C/C++ 优化编译器 19.16.27050 版
  版权所有(C) Microsoft Corporation。保留所有权利。
  
  cl /c /I"C:\Users\Administrator\Desktop\cpp代码\Main\include" /I"D:\Windows Kits\10\Include\10.0.22000.0\ucrt" /Zi /W3 /WX- /diagnostics:classic /O2 /Oy- /D WIN32 /D NDEBUG /D _WINDOWS /D _VC80_UPGRADE=0x0600 /D _USING_V110_SDK71_ /D _MBCS /D _AFXDLL /GF /Gm- /EHsc /MD /GS /Gy /fp:precise /Zc:wchar_t /Zc:forScope /Zc:inline /Yu"stdafx.h" /Fp".\Release\作业.pch" /Fo".\Release\\" /Fd".\Release\vc141.pdb" /Gd /TP /analyze- /FC /errorReport:prompt "作业Dlg.cpp"
  
  作业Dlg.cpp
c:\users\administrator\desktop\cpp代码\main\作业dlg.cpp(327): warning C4996: 'fopen': This function or variable may be unsafe. Consider using fopen_s instead. To disable deprecation, use _CRT_SECURE_NO_WARNINGS. See online help for details.
  d:\windows kits\10\include\10.0.22000.0\ucrt\stdio.h(213): note: 参见“fopen”的声明
c:\users\administrator\desktop\cpp代码\main\作业dlg.cpp(359): warning C4996: 'strcpy': This function or variable may be unsafe. Consider using strcpy_s instead. To disable deprecation, use _CRT_SECURE_NO_WARNINGS. See online help for details.
  d:\windows kits\10\include\10.0.22000.0\ucrt\string.h(130): note: 参见“strcpy”的声明
c:\users\administrator\desktop\cpp代码\main\作业dlg.cpp(363): warning C4996: 'strcpy': This function or variable may be unsafe. Consider using strcpy_s instead. To disable deprecation, use _CRT_SECURE_NO_WARNINGS. See online help for details.
  d:\windows kits\10\include\10.0.22000.0\ucrt\string.h(130): note: 参见“strcpy”的声明
c:\users\administrator\desktop\cpp代码\main\作业dlg.cpp(367): warning C4996: 'strcpy': This function or variable may be unsafe. Consider using strcpy_s instead. To disable deprecation, use _CRT_SECURE_NO_WARNINGS. See online help for details.
  d:\windows kits\10\include\10.0.22000.0\ucrt\string.h(130): note: 参见“strcpy”的声明
c:\users\administrator\desktop\cpp代码\main\作业dlg.cpp(370): warning C4996: 'strcpy': This function or variable may be unsafe. Consider using strcpy_s instead. To disable deprecation, use _CRT_SECURE_NO_WARNINGS. See online help for details.
  d:\windows kits\10\include\10.0.22000.0\ucrt\string.h(130): note: 参见“strcpy”的声明
c:\users\administrator\desktop\cpp代码\main\作业dlg.cpp(396): warning C4996: 'strcat': This function or variable may be unsafe. Consider using strcat_s instead. To disable deprecation, use _CRT_SECURE_NO_WARNINGS. See online help for details.
  d:\windows kits\10\include\10.0.22000.0\ucrt\string.h(91): note: 参见“strcat”的声明
c:\users\administrator\desktop\cpp代码\main\作业dlg.cpp(397): warning C4996: 'strcat': This function or variable may be unsafe. Consider using strcat_s instead. To disable deprecation, use _CRT_SECURE_NO_WARNINGS. See online help for details.
  d:\windows kits\10\include\10.0.22000.0\ucrt\string.h(91): note: 参见“strcat”的声明
c:\users\administrator\desktop\cpp代码\main\作业dlg.cpp(398): warning C4996: 'strcat': This function or variable may be unsafe. Consider using strcat_s instead. To disable deprecation, use _CRT_SECURE_NO_WARNINGS. See online help for details.
  d:\windows kits\10\include\10.0.22000.0\ucrt\string.h(91): note: 参见“strcat”的声明
c:\users\administrator\desktop\cpp代码\main\作业dlg.cpp(399): warning C4996: 'strcat': This function or variable may be unsafe. Consider using strcat_s instead. To disable deprecation, use _CRT_SECURE_NO_WARNINGS. See online help for details.
  d:\windows kits\10\include\10.0.22000.0\ucrt\string.h(91): note: 参见“strcat”的声明
c:\users\administrator\desktop\cpp代码\main\作业dlg.cpp(400): warning C4996: 'strcat': This function or variable may be unsafe. Consider using strcat_s instead. To disable deprecation, use _CRT_SECURE_NO_WARNINGS. See online help for details.
  d:\windows kits\10\include\10.0.22000.0\ucrt\string.h(91): note: 参见“strcat”的声明
c:\users\administrator\desktop\cpp代码\main\作业dlg.cpp(412): warning C4996: 'strnset': The POSIX name for this item is deprecated. Instead, use the ISO C and C++ conformant name: _strnset. See online help for details.
  d:\windows kits\10\include\10.0.22000.0\ucrt\string.h(563): note: 参见“strnset”的声明
c:\users\administrator\desktop\cpp代码\main\作业dlg.cpp(600): warning C4477: “fprintf”: 格式字符串“%d”需要类型“int”的参数，但可变参数 1 拥有了类型“CString”
c:\users\administrator\desktop\cpp代码\main\作业dlg.cpp(597): warning C4996: 'fopen': This function or variable may be unsafe. Consider using fopen_s instead. To disable deprecation, use _CRT_SECURE_NO_WARNINGS. See online help for details.
  d:\windows kits\10\include\10.0.22000.0\ucrt\stdio.h(213): note: 参见“fopen”的声明
c:\users\administrator\desktop\cpp代码\main\作业dlg.cpp(456): warning C4715: “ConvUtf8ToAnsi”: 不是所有的控件路径都返回值
c:\users\administrator\desktop\cpp代码\main\作业dlg.cpp(630): warning C4700: 使用了未初始化的局部变量“a”
D:\Program Files (x86)\Microsoft Visual Studio\2019\Community\MSBuild\Microsoft\VC\v150\Microsoft.CppBuild.targets(1216,5): warning MSB8012: TargetPath(C:\Users\Administrator\Desktop\cpp代码\Main\.\Release\Main.exe) 与 Linker 的 OutputFile 属性值(C:\Users\Administrator\Desktop\cpp代码\Main\Release\program.exe)不匹配。这可能导致项目生成不正确。若要更正此问题，请确保 $(OutDir)、$(TargetName) 和 $(TargetExt) 属性值与 %(Link.OutputFile) 中指定的值匹配。
D:\Program Files (x86)\Microsoft Visual Studio\2019\Community\MSBuild\Microsoft\VC\v150\Microsoft.CppBuild.targets(1218,5): warning MSB8012: TargetName(Main) 与 Linker 的 OutputFile 属性值(program)不匹配。这可能导致项目生成不正确。若要更正此问题，请确保 $(OutDir)、$(TargetName) 和 $(TargetExt) 属性值与 %(Link.OutputFile) 中指定的值匹配。
  Microsoft (R) Incremental Linker Version 14.16.27050.0
  Copyright (C) Microsoft Corporation.  All rights reserved.
  
  "/OUT:.\Release\program.exe" /INCREMENTAL:NO "/LIBPATH:D:\Windows Kits\10\Lib\10.0.22000.0\ucrt\x86" /MANIFEST "/MANIFESTUAC:level='asInvoker' uiAccess='false'" /manifest:embed "/manifestinput:D:\Program Files (x86)\Microsoft Visual Studio\2019\Community\VC\Tools\MSVC\14.16.27023\Include\Manifest\dpiaware.manifest" /DEBUG:FULL "/PDB:.\Release\Main.pdb" "/SUBSYSTEM:WINDOWS,5.01" /TLBID:1 /DYNAMICBASE /NXCOMPAT "/IMPLIB:.\Release\Main.lib" /MACHINE:X86 /SAFESEH ".\Release\作业.res" 
  .\Release\StdAfx.obj 
  .\Release\zuozhedehua.obj 
  ".\Release\作业.obj" 
  ".\Release\作业Dlg.obj" 
  作业.vcxproj -> C:\Users\Administrator\Desktop\cpp代码\Main\.\Release\Main.exe
